Mar 13, 2023 3:20:08 PM org.apache.coyote.AbstractProtocol init
INFO: Initializing ProtocolHandler ["http-nio-auto-1"]
Mar 13, 2023 3:20:08 PM org.apache.tomcat.util.net.NioSelectorPool getSharedSelector
INFO: Using a shared selector for servlet write/read
Mar 13, 2023 3:20:08 PM org.apache.catalina.core.StandardService startInternal
INFO: Starting service [Tomcat]
Mar 13, 2023 3:20:08 PM org.apache.catalina.core.StandardEngine startInternal
INFO: Starting Servlet engine: [Apache Tomcat/8.5.69]
Mar 13, 2023 3:20:08 PM org.apache.coyote.AbstractProtocol start
INFO: Starting ProtocolHandler ["http-nio-auto-1-39377"]
Mar 13, 2023 3:20:10 PM exercise.servlet.SessionServlet login
INFO: Attempt to login user with mail: lavern.keeling@gmail.com
Mar 13, 2023 3:20:10 PM exercise.servlet.SessionServlet login
INFO: Attempt to login user with mail: shoshana.haley@hotmail.com
Mar 13, 2023 3:20:10 PM exercise.servlet.SessionServlet login
INFO: Attempt to login user with mail: suzann.barrows@hotmail.com
Mar 13, 2023 3:20:10 PM exercise.servlet.SessionServlet login
INFO: Attempt to login user with mail: lavern.keeling@gmail.com
Mar 13, 2023 3:20:10 PM exercise.servlet.SessionServlet login
INFO: Attempt to login user with mail: lavern.keeling@gmail.com
Mar 13, 2023 3:20:10 PM exercise.servlet.SessionServlet login
INFO: Attempt to login user with mail: lavern.keeling@gmail.com
Mar 13, 2023 3:20:10 PM org.apache.coyote.AbstractProtocol pause
INFO: Pausing ProtocolHandler ["http-nio-auto-1-39377"]
Mar 13, 2023 3:20:10 PM org.apache.catalina.core.StandardService stopInternal
INFO: Stopping service [Tomcat]
Mar 13, 2023 3:20:11 PM org.apache.catalina.loader.WebappClassLoaderBase clearReferencesObjectStreamClassCaches
WARNING: When running on Java 9 or later you need to add "--add-opens=java.base/java.io=null" to the JVM command line arguments to enable ObjectStream cache memory leak protection. Alternatively, you can suppress this warning by disabling ObjectStream class cache memory leak protection.
Mar 13, 2023 3:20:11 PM org.apache.catalina.loader.WebappClassLoaderBase checkThreadLocalsForLeaks
WARNING: When running on Java 9 or later you need to add "--add-opens=java.base/java.lang=null" to the JVM command line arguments to enable ThreadLocal memory leak detection. Alternatively, you can suppress this warning by disabling ThreadLocal memory leak detection.
Mar 13, 2023 3:20:11 PM org.apache.catalina.loader.WebappClassLoaderBase clearReferencesRmiTargets
WARNING: When running on Java 9 or later you need to add "--add-opens=java.rmi/sun.rmi.transport=null" to the JVM command line arguments to enable RMI Target memory leak detection. Alternatively, you can suppress this warning by disabling RMI Target memory leak detection.
Mar 13, 2023 3:20:11 PM org.apache.coyote.AbstractProtocol stop
INFO: Stopping ProtocolHandler ["http-nio-auto-1-39377"]
